<?xml version="1.0" encoding="UTF-8"?>
<testng-results ignored="0" total="1" passed="1" failed="0" skipped="0">
  <reporter-output>
  </reporter-output>
  <suite started-at="2021-05-24T19:19:33Z" name="Suite" finished-at="2021-05-24T19:19:42Z" duration-ms="9474">
    <groups>
    </groups>
    <test started-at="2021-05-24T19:19:33Z" name="Test" finished-at="2021-05-24T19:19:42Z" duration-ms="9474">
      <class name="testing.ExecutionClass">
        <test-method is-config="true" signature="beforeTest()[pri:0, instance:testing.ExecutionClass@c0c2f8d]" started-at="2021-05-24T19:19:33Z" name="beforeTest" finished-at="2021-05-24T19:19:38Z" duration-ms="4902" status="PASS">
          <reporter-output>
          </reporter-output>
        </test-method> <!-- beforeTest -->
        <test-method signature="facebookCheck()[pri:0, instance:testing.ExecutionClass@c0c2f8d]" started-at="2021-05-24T19:19:38Z" name="facebookCheck" finished-at="2021-05-24T19:19:42Z" duration-ms="4390" status="PASS">
          <reporter-output>
          </reporter-output>
        </test-method> <!-- facebookCheck -->
        <test-method is-config="true" signature="afterTest()[pri:0, instance:testing.ExecutionClass@c0c2f8d]" started-at="2021-05-24T19:19:42Z" name="afterTest" finished-at="2021-05-24T19:19:42Z" duration-ms="151" status="PASS">
          <reporter-output>
          </reporter-output>
        </test-method> <!-- afterTest -->
      </class> <!-- testing.ExecutionClass -->
    </test> <!-- Test -->
  </suite> <!-- Suite -->
</testng-results>
